<?xml version="1.0" encoding="UTF-8"?>
<testng-results ignored="0" total="2" passed="2" failed="0" skipped="0">
  <reporter-output>
  </reporter-output>
  <suite started-at="2026-01-20T15:20:43 IST" name="Suite" finished-at="2026-01-20T15:20:43 IST" duration-ms="123">
    <groups>
      <group name="SmokeTesting">
        <method signature="OrgTest.testTest()[pri:0, instance:testscripts.OrgTest@65fb9ffc]" name="testTest" class="testscripts.OrgTest"/>
        <method signature="SampleTest.testTest()[pri:0, instance:testscripts.SampleTest@2aceadd4]" name="testTest" class="testscripts.SampleTest"/>
      </group> <!-- SmokeTesting -->
    </groups>
    <test started-at="2026-01-20T15:20:43 IST" name="Test1" finished-at="2026-01-20T15:20:43 IST" duration-ms="51">
      <class name="testscripts.OrgTest">
        <test-method signature="testTest()[pri:0, instance:testscripts.OrgTest@65fb9ffc]" started-at="2026-01-20T15:20:43 IST" name="testTest" finished-at="2026-01-20T15:20:43 IST" duration-ms="9" status="PASS">
          <reporter-output>
          </reporter-output>
        </test-method> <!-- testTest -->
      </class> <!-- testscripts.OrgTest -->
    </test> <!-- Test1 -->
    <test started-at="2026-01-20T15:20:43 IST" name="Test2" finished-at="2026-01-20T15:20:43 IST" duration-ms="4">
      <class name="testscripts.SampleTest">
        <test-method signature="testTest()[pri:0, instance:testscripts.SampleTest@2aceadd4]" started-at="2026-01-20T15:20:43 IST" name="testTest" finished-at="2026-01-20T15:20:43 IST" duration-ms="1" status="PASS">
          <reporter-output>
          </reporter-output>
        </test-method> <!-- testTest -->
      </class> <!-- testscripts.SampleTest -->
    </test> <!-- Test2 -->
  </suite> <!-- Suite -->
</testng-results>
