<?xml version="1.0" encoding="UTF-8"?>
<testng-results ignored="0" total="0" passed="0" failed="0" skipped="0">
  <reporter-output>
  </reporter-output>
  <suite started-at="2026-01-19T16:54:21 IST" name="Suite" finished-at="2026-01-19T16:54:21 IST" duration-ms="69">
    <groups>
    </groups>
    <test started-at="2026-01-19T16:54:21 IST" name="Test1" finished-at="2026-01-19T16:54:21 IST" duration-ms="10">
    </test> <!-- Test1 -->
    <test started-at="2026-01-19T16:54:21 IST" name="Test2" finished-at="2026-01-19T16:54:21 IST" duration-ms="0">
    </test> <!-- Test2 -->
  </suite> <!-- Suite -->
</testng-results>
