<?xml version="1.0" encoding="UTF-8"?>
<!-- Generated by org.testng.reporters.JUnitXMLReporter -->
<testsuite ignored="4" hostname="Vinusha_Mahesh" failures="0" tests="0" time="0.009" errors="0" timestamp="2026-01-19T16:52:44 IST">
  <testcase classname="testscripts.SampleTest" name="sampleTest" time="0.0">
    <ignored/>
  </testcase> <!-- sampleTest -->
  <testcase classname="testscripts.OrgTest" name="orgTest" time="0.0">
    <ignored/>
  </testcase> <!-- orgTest -->
  <testcase classname="testscripts.SampleTest" name="testTest" time="0.0">
    <ignored/>
  </testcase> <!-- testTest -->
  <testcase classname="testscripts.OrgTest" name="testTest" time="0.0">
    <ignored/>
  </testcase> <!-- testTest -->
</testsuite>
